#
# There is insufficient memory for the Java Runtime Environment to continue.
# Native memory allocation (mmap) failed to map 34603008 bytes for Failed to commit area from 0x000000008a200000 to 0x000000008c300000 of length 34603008.
# Possible reasons:
#   The system is out of physical RAM or swap space
#   The process is running with CompressedOops enabled, and the Java Heap may be blocking the growth of the native heap
# Possible solutions:
#   Reduce memory load on the system
#   Increase physical memory or swap space
#   Check if swap backing store is full
#   Decrease Java heap size (-Xmx/-Xms)
#   Decrease number of Java threads
#   Decrease Java thread stack sizes (-Xss)
#   Set larger code cache with -XX:ReservedCodeCacheSize=
#   JVM is running with Unscaled Compressed Oops mode in which the Java heap is
#     placed in the first 4GB address space. The Java Heap base address is the
#     maximum limit for the native heap growth. Please use -XX:HeapBaseMinAddress
#     to set the Java Heap base and to place the Java Heap above 4GB virtual address.
# This output file may be truncated or incomplete.
#
#  Out of Memory Error (./src/hotspot/os/windows/os_windows.cpp:3521), pid=8132, tid=11712
#
# JRE version: OpenJDK Runtime Environment (11.0.12+7) (build 11.0.12+7-b1504.28-7817840)
# Java VM: OpenJDK 64-Bit Server VM (11.0.12+7-b1504.28-7817840, mixed mode, tiered, compressed oops, g1 gc, windows-amd64)
# No core dump will be written. Minidumps are not enabled by default on client versions of Windows
#

---------------  S U M M A R Y ------------

Command Line: --add-opens=java.base/java.util=ALL-UNNAMED --add-opens=java.base/java.lang=ALL-UNNAMED --add-opens=java.base/java.lang.invoke=ALL-UNNAMED --add-opens=java.base/java.util=ALL-UNNAMED --add-opens=java.prefs/java.util.prefs=ALL-UNNAMED --add-opens=java.prefs/java.util.prefs=ALL-UNNAMED --add-opens=java.base/java.nio.charset=ALL-UNNAMED --add-opens=java.base/java.net=ALL-UNNAMED --add-opens=java.base/java.util.concurrent.atomic=ALL-UNNAMED -Xmx2048m -Dfile.encoding=UTF-8 -Duser.country=US -Duser.language=en -Duser.variant org.gradle.launcher.daemon.bootstrap.GradleDaemon 7.3.3

Host: Intel(R) Core(TM) i5-2430M CPU @ 2.40GHz, 4 cores, 3G,  Windows 10 , 64 bit Build 19041 (10.0.19041.2364)
Time: Mon Jan 16 06:04:17 2023 Pacific Standard Time elapsed time: 224.420885 seconds (0d 0h 3m 44s)

---------------  T H R E A D  ---------------

Current thread (0x0000018179c76800):  VMThread "VM Thread" [stack: 0x0000001a17f00000,0x0000001a18000000] [id=11712]

Stack: [0x0000001a17f00000,0x0000001a18000000]
[error occurred during error reporting (printing stack bounds), id 0xc0000005, EXCEPTION_ACCESS_VIOLATION (0xc0000005) at pc=0x000001810000112d]

Native frames: (J=compiled Java code, j=interpreted, Vv=VM code, C=native code)
V  [jvm.dll+0x5fbcea]
V  [jvm.dll+0x731905]
V  [jvm.dll+0x732f1d]
V  [jvm.dll+0x733535]
V  [jvm.dll+0x7334eb]
V  [jvm.dll+0x5fb080]
V  [jvm.dll+0x5fb818]
C  [ntdll.dll+0xa241f]
C  [ntdll.dll+0x514a4]
C  [ntdll.dll+0xa0f4e]
C  0x000001810000112d

VM_Operation (0x0000001a1a4fe0d0): G1CollectForAllocation, mode: safepoint, requested by thread 0x000001817c5f9800


---------------  P R O C E S S  ---------------

Threads class SMR info:
_java_thread_list=0x000001810f1f6a40, length=79, elements={
0x000001816f0bf000, 0x0000018179c7d000, 0x0000018179c80800, 0x0000018179c89800,
0x0000018179cdc800, 0x0000018179cdd800, 0x0000018179ce3000, 0x0000018179ce7800,
0x0000018179ced800, 0x000001817a74a000, 0x000001817bcb9800, 0x000001817be78800,
0x000001817b9c7000, 0x000001817c681800, 0x000001817c684800, 0x000001817c682000,
0x000001817c684000, 0x000001817c686800, 0x000001817c5f5800, 0x000001817c5f0000,
0x000001817c5f0800, 0x000001817c5f9800, 0x000001817c5f4800, 0x000001817c7c7800,
0x000001817c7c4000, 0x0000018111631000, 0x000001817c7bd800, 0x000001817c7bf800,
0x000001817c7bd000, 0x000001817c7bc000, 0x000001817c7c1000, 0x000001817c7bb000,
0x000001817c7c0000, 0x000001817c7c1800, 0x000001817c7c2800, 0x000001817c7be800,
0x000001817c7c6800, 0x000001817c7ca000, 0x000001817c7c8000, 0x000001817c7c9000,
0x000001817c7c5000, 0x000001817c7c3800, 0x000001817c5f7000, 0x000001817c5f6800,
0x000001817c5f2800, 0x000001817c5fd800, 0x000001817c5fd000, 0x000001817c5fe800,
0x000001817c5f9000, 0x000001817c5fb000, 0x000001817c5fc000, 0x0000018111631800,
0x000001811162d000, 0x000001811162d800, 0x000001811162e800, 0x000001811162c000,
0x0000018111632800, 0x000001811162f000, 0x0000018111630000, 0x000001817c687000,
0x000001817c685800, 0x000001817c688000, 0x000001817c683000, 0x000001817b66d000,
0x000001817b66c000, 0x000001817b66d800, 0x000001817b66b000, 0x000001817b66e800,
0x000001817b668800, 0x000001817b66f000, 0x000001817b669800, 0x000001817b66a800,
0x0000018110b5d800, 0x0000018110b5d000, 0x0000018110b5b000, 0x0000018110b61000,
0x0000018110b5e800, 0x0000018110b5c000, 0x0000018110b61800
}

Java Threads: ( => current thread )
  0x000001816f0bf000 JavaThread "main" [_thread_blocked, id=12476, stack(0x0000001a17900000,0x0000001a17a00000)]
  0x0000018179c7d000 JavaThread "Reference Handler" daemon [_thread_blocked, id=12904, stack(0x0000001a18000000,0x0000001a18100000)]
  0x0000018179c80800 JavaThread "Finalizer" daemon [_thread_blocked, id=2404, stack(0x0000001a18100000,0x0000001a18200000)]
  0x0000018179c89800 JavaThread "Signal Dispatcher" daemon [_thread_blocked, id=13296, stack(0x0000001a18200000,0x0000001a18300000)]
  0x0000018179cdc800 JavaThread "Attach Listener" daemon [_thread_blocked, id=8880, stack(0x0000001a18300000,0x0000001a18400000)]
  0x0000018179cdd800 JavaThread "Service Thread" daemon [_thread_blocked, id=11816, stack(0x0000001a18400000,0x0000001a18500000)]
  0x0000018179ce3000 JavaThread "C2 CompilerThread0" daemon [_thread_blocked, id=12028, stack(0x0000001a18500000,0x0000001a18600000)]
  0x0000018179ce7800 JavaThread "C1 CompilerThread0" daemon [_thread_blocked, id=13052, stack(0x0000001a18600000,0x0000001a18700000)]
  0x0000018179ced800 JavaThread "Sweeper thread" daemon [_thread_blocked, id=8600, stack(0x0000001a18700000,0x0000001a18800000)]
  0x000001817a74a000 JavaThread "Common-Cleaner" daemon [_thread_blocked, id=5740, stack(0x0000001a18800000,0x0000001a18900000)]
  0x000001817bcb9800 JavaThread "Daemon health stats" [_thread_blocked, id=13192, stack(0x0000001a18a00000,0x0000001a18b00000)]
  0x000001817be78800 JavaThread "Incoming local TCP Connector on port 65441" [_thread_in_native, id=7744, stack(0x0000001a18c00000,0x0000001a18d00000)]
  0x000001817b9c7000 JavaThread "Daemon periodic checks" [_thread_blocked, id=7980, stack(0x0000001a18d00000,0x0000001a18e00000)]
  0x000001817c681800 JavaThread "Cache worker for journal cache (C:\Users\user\.gradle\caches\journal-1)" [_thread_blocked, id=12412, stack(0x0000001a19700000,0x0000001a19800000)]
  0x000001817c684800 JavaThread "File lock request listener" [_thread_in_native, id=1672, stack(0x0000001a19800000,0x0000001a19900000)]
  0x000001817c682000 JavaThread "Cache worker for file hash cache (C:\Users\user\.gradle\caches\7.3.3\fileHashes)" [_thread_blocked, id=2392, stack(0x0000001a19900000,0x0000001a19a00000)]
  0x000001817c684000 JavaThread "File watcher server" daemon [_thread_blocked, id=11252, stack(0x0000001a19c00000,0x0000001a19d00000)]
  0x000001817c686800 JavaThread "File watcher consumer" daemon [_thread_blocked, id=1044, stack(0x0000001a19d00000,0x0000001a19e00000)]
  0x000001817c5f5800 JavaThread "Cache worker for execution history cache (C:\Users\user\.gradle\caches\7.3.3\executionHistory)" [_thread_blocked, id=11976, stack(0x0000001a1a100000,0x0000001a1a200000)]
  0x000001817c5f0000 JavaThread "jar transforms" [_thread_blocked, id=11488, stack(0x0000001a1a200000,0x0000001a1a300000)]
  0x000001817c5f0800 JavaThread "Cache worker for file content cache (C:\Users\user\.gradle\caches\7.3.3\fileContent)" [_thread_blocked, id=7668, stack(0x0000001a1a300000,0x0000001a1a400000)]
  0x000001817c5f9800 JavaThread "jar transforms Thread 2" [_thread_blocked, id=12020, stack(0x0000001a1a400000,0x0000001a1a500000)]
  0x000001817c5f4800 JavaThread "jar transforms Thread 3" [_thread_blocked, id=9528, stack(0x0000001a1a600000,0x0000001a1a700000)]
  0x000001817c7c7800 JavaThread "jar transforms Thread 4" [_thread_blocked, id=2160, stack(0x0000001a1cf00000,0x0000001a1d000000)]
  0x000001817c7c4000 JavaThread "Memory manager" [_thread_blocked, id=4948, stack(0x0000001a1d100000,0x0000001a1d200000)]
  0x0000018111631000 JavaThread "ForkJoinPool.commonPool-worker-7" daemon [_thread_blocked, id=5368, stack(0x0000001a1da00000,0x0000001a1db00000)]
  0x000001817c7bd800 JavaThread "Daemon Thread 2" [_thread_blocked, id=1532, stack(0x0000001a17600000,0x0000001a17700000)]
  0x000001817c7bf800 JavaThread "Handler for socket connection from /127.0.0.1:65441 to /127.0.0.1:49228" [_thread_in_native, id=10424, stack(0x0000001a17700000,0x0000001a17800000)]
  0x000001817c7bd000 JavaThread "Cancel handler" [_thread_blocked, id=5552, stack(0x0000001a17800000,0x0000001a17900000)]
  0x000001817c7bc000 JavaThread "Daemon worker Thread 2" [_thread_blocked, id=6028, stack(0x0000001a18e00000,0x0000001a18f00000)]
  0x000001817c7c1000 JavaThread "Asynchronous log dispatcher for DefaultDaemonConnection: socket connection from /127.0.0.1:65441 to /127.0.0.1:49228" [_thread_blocked, id=13236, stack(0x0000001a18f00000,0x0000001a19000000)]
  0x000001817c7bb000 JavaThread "Stdin handler" [_thread_blocked, id=12056, stack(0x0000001a19000000,0x0000001a19100000)]
  0x000001817c7c0000 JavaThread "Daemon client event forwarder" [_thread_blocked, id=13104, stack(0x0000001a19100000,0x0000001a19200000)]
  0x000001817c7c1800 JavaThread "Cache worker for file hash cache (F:\Android\hezarghab\.gradle\7.3.3\fileHashes)" [_thread_blocked, id=5928, stack(0x0000001a19200000,0x0000001a19300000)]
  0x000001817c7c2800 JavaThread "Cache worker for checksums cache (F:\Android\hezarghab\.gradle\7.3.3\checksums)" [_thread_blocked, id=11276, stack(0x0000001a19400000,0x0000001a19500000)]
  0x000001817c7be800 JavaThread "Cache worker for cache directory md-supplier (C:\Users\user\.gradle\caches\7.3.3\md-supplier)" [_thread_blocked, id=776, stack(0x0000001a19a00000,0x0000001a19b00000)]
  0x000001817c7c6800 JavaThread "Cache worker for cache directory md-rule (C:\Users\user\.gradle\caches\7.3.3\md-rule)" [_thread_blocked, id=12384, stack(0x0000001a19b00000,0x0000001a19c00000)]
  0x000001817c7ca000 JavaThread "Cache worker for dependencies-accessors (F:\Android\hezarghab\.gradle\7.3.3\dependencies-accessors)" [_thread_blocked, id=7840, stack(0x0000001a19e00000,0x0000001a19f00000)]
  0x000001817c7c8000 JavaThread "Cache worker for Build Output Cleanup Cache (F:\Android\hezarghab\.gradle\buildOutputCleanup)" [_thread_blocked, id=1104, stack(0x0000001a19f00000,0x0000001a1a000000)]
  0x000001817c7c9000 JavaThread "Unconstrained build operations" [_thread_blocked, id=10696, stack(0x0000001a19300000,0x0000001a19400000)]
  0x000001817c7c5000 JavaThread "Unconstrained build operations Thread 2" [_thread_blocked, id=448, stack(0x0000001a1a000000,0x0000001a1a100000)]
  0x000001817c7c3800 JavaThread "Unconstrained build operations Thread 3" [_thread_blocked, id=12360, stack(0x0000001a1a500000,0x0000001a1a600000)]
  0x000001817c5f7000 JavaThread "Unconstrained build operations Thread 4" [_thread_blocked, id=1068, stack(0x0000001a1a700000,0x0000001a1a800000)]
  0x000001817c5f6800 JavaThread "Unconstrained build operations Thread 5" [_thread_blocked, id=1164, stack(0x0000001a1a800000,0x0000001a1a900000)]
  0x000001817c5f2800 JavaThread "Unconstrained build operations Thread 6" [_thread_blocked, id=4564, stack(0x0000001a1a900000,0x0000001a1aa00000)]
  0x000001817c5fd800 JavaThread "Unconstrained build operations Thread 7" [_thread_blocked, id=11960, stack(0x0000001a1aa00000,0x0000001a1ab00000)]
  0x000001817c5fd000 JavaThread "Unconstrained build operations Thread 8" [_thread_blocked, id=12436, stack(0x0000001a1ab00000,0x0000001a1ac00000)]
  0x000001817c5fe800 JavaThread "Unconstrained build operations Thread 9" [_thread_blocked, id=7916, stack(0x0000001a1ac00000,0x0000001a1ad00000)]
  0x000001817c5f9000 JavaThread "Unconstrained build operations Thread 10" [_thread_blocked, id=11452, stack(0x0000001a1ad00000,0x0000001a1ae00000)]
  0x000001817c5fb000 JavaThread "Unconstrained build operations Thread 11" [_thread_blocked, id=9412, stack(0x0000001a1ae00000,0x0000001a1af00000)]
  0x000001817c5fc000 JavaThread "Unconstrained build operations Thread 12" [_thread_blocked, id=12048, stack(0x0000001a1af00000,0x0000001a1b000000)]
  0x0000018111631800 JavaThread "Unconstrained build operations Thread 13" [_thread_blocked, id=12052, stack(0x0000001a1b000000,0x0000001a1b100000)]
  0x000001811162d000 JavaThread "Unconstrained build operations Thread 14" [_thread_blocked, id=8136, stack(0x0000001a1b100000,0x0000001a1b200000)]
  0x000001811162d800 JavaThread "Unconstrained build operations Thread 15" [_thread_blocked, id=1228, stack(0x0000001a1b200000,0x0000001a1b300000)]
  0x000001811162e800 JavaThread "Unconstrained build operations Thread 16" [_thread_blocked, id=13164, stack(0x0000001a1b300000,0x0000001a1b400000)]
  0x000001811162c000 JavaThread "Unconstrained build operations Thread 17" [_thread_blocked, id=2776, stack(0x0000001a1b400000,0x0000001a1b500000)]
  0x0000018111632800 JavaThread "Unconstrained build operations Thread 18" [_thread_blocked, id=2988, stack(0x0000001a1b500000,0x0000001a1b600000)]
  0x000001811162f000 JavaThread "Unconstrained build operations Thread 19" [_thread_blocked, id=9380, stack(0x0000001a1b600000,0x0000001a1b700000)]
  0x0000018111630000 JavaThread "Unconstrained build operations Thread 20" [_thread_blocked, id=8864, stack(0x0000001a1b700000,0x0000001a1b800000)]
  0x000001817c687000 JavaThread "Unconstrained build operations Thread 21" [_thread_blocked, id=9184, stack(0x0000001a1b800000,0x0000001a1b900000)]
  0x000001817c685800 JavaThread "Unconstrained build operations Thread 22" [_thread_blocked, id=12736, stack(0x0000001a1b900000,0x0000001a1ba00000)]
  0x000001817c688000 JavaThread "Unconstrained build operations Thread 23" [_thread_blocked, id=1364, stack(0x0000001a1ba00000,0x0000001a1bb00000)]
  0x000001817c683000 JavaThread "Unconstrained build operations Thread 24" [_thread_blocked, id=11900, stack(0x0000001a1bb00000,0x0000001a1bc00000)]
  0x000001817b66d000 JavaThread "Unconstrained build operations Thread 25" [_thread_blocked, id=13208, stack(0x0000001a1bc00000,0x0000001a1bd00000)]
  0x000001817b66c000 JavaThread "Unconstrained build operations Thread 26" [_thread_blocked, id=11076, stack(0x0000001a1bd00000,0x0000001a1be00000)]
  0x000001817b66d800 JavaThread "Unconstrained build operations Thread 27" [_thread_blocked, id=9776, stack(0x0000001a1be00000,0x0000001a1bf00000)]
  0x000001817b66b000 JavaThread "Unconstrained build operations Thread 28" [_thread_blocked, id=7700, stack(0x0000001a1bf00000,0x0000001a1c000000)]
  0x000001817b66e800 JavaThread "Unconstrained build operations Thread 29" [_thread_blocked, id=6036, stack(0x0000001a1c000000,0x0000001a1c100000)]
  0x000001817b668800 JavaThread "Unconstrained build operations Thread 30" [_thread_blocked, id=6444, stack(0x0000001a1c100000,0x0000001a1c200000)]
  0x000001817b66f000 JavaThread "Unconstrained build operations Thread 31" [_thread_blocked, id=692, stack(0x0000001a1c200000,0x0000001a1c300000)]
  0x000001817b669800 JavaThread "Unconstrained build operations Thread 32" [_thread_blocked, id=3216, stack(0x0000001a1c300000,0x0000001a1c400000)]
  0x000001817b66a800 JavaThread "Unconstrained build operations Thread 33" [_thread_blocked, id=9208, stack(0x0000001a1c400000,0x0000001a1c500000)]
  0x0000018110b5d800 JavaThread "Unconstrained build operations Thread 34" [_thread_blocked, id=12944, stack(0x0000001a1c500000,0x0000001a1c600000)]
  0x0000018110b5d000 JavaThread "Unconstrained build operations Thread 35" [_thread_blocked, id=9260, stack(0x0000001a1c600000,0x0000001a1c700000)]
  0x0000018110b5b000 JavaThread "Unconstrained build operations Thread 36" [_thread_blocked, id=2792, stack(0x0000001a1c700000,0x0000001a1c800000)]
  0x0000018110b61000 JavaThread "Unconstrained build operations Thread 37" [_thread_blocked, id=6152, stack(0x0000001a1c800000,0x0000001a1c900000)]
  0x0000018110b5e800 JavaThread "Unconstrained build operations Thread 38" [_thread_blocked, id=11056, stack(0x0000001a1c900000,0x0000001a1ca00000)]
  0x0000018110b5c000 JavaThread "Unconstrained build operations Thread 39" [_thread_blocked, id=13008, stack(0x0000001a1ca00000,0x0000001a1cb00000)]
  0x0000018110b61800 JavaThread "Unconstrained build operations Thread 40" [_thread_blocked, id=12788, stack(0x0000001a1cb00000,0x0000001a1cc00000)]

Other Threads:
=>0x0000018179c76800 VMThread "VM Thread" [stack: 0x0000001a17f00000,0x0000001a18000000] [id=11712]
  0x000001817a769800 WatcherThread [stack: 0x0000001a18900000,0x0000001a18a00000] [id=3444]
  0x000001816f0d8800 GCTaskThread "GC Thread#0" [stack: 0x0000001a17a00000,0x0000001a17b00000] [id=696]
  0x000001817ad14000 GCTaskThread "GC Thread#1" [stack: 0x0000001a18b00000,0x0000001a18c00000] [id=3516]
  0x000001817be37800 GCTaskThread "GC Thread#2" [stack: 0x0000001a19500000,0x0000001a19600000] [id=1140]
  0x000001817bda0000 GCTaskThread "GC Thread#3" [stack: 0x0000001a19600000,0x0000001a19700000] [id=4968]
  0x000001816f109800 ConcurrentGCThread "G1 Main Marker" [stack: 0x0000001a17b00000,0x0000001a17c00000] [id=5980]
  0x000001816f10b000 ConcurrentGCThread "G1 Conc#0" [stack: 0x0000001a17c00000,0x0000001a17d00000] [id=11440]
  0x000001816f164000 ConcurrentGCThread "G1 Refine#0" [stack: 0x0000001a17d00000,0x0000001a17e00000] [id=7976]
  0x000001816f165000 ConcurrentGCThread "G1 Young RemSet Sampling" [stack: 0x0000001a17e00000,0x0000001a17f00000] [id=11408]

Threads with active compile tasks:

VM state:at safepoint (normal execution)

VM Mutex/Monitor currently owned by a thread:  ([mutex/lock_event])
[0x000001816f0bc7f0] Threads_lock - owner thread: 0x0000018179c76800
[0x000001816f0bc490] Heap_lock - owner thread: 0x000001817c5f9800

Heap address: 0x0000000080000000, size: 2048 MB, Compressed Oops mode: 32-bit
Narrow klass base: 0x0000000000000000, Narrow klass shift: 3
Compressed class space size: 1073741824 Address: 0x0000000100000000

Heap:
 garbage-first heap   total 199680K, used 83335K [0x0000000080000000, 0x0000000100000000)
  region size 1024K, 3 young (3072K), 3 survivors (3072K)
 Metaspace       used 90498K, capacity 92819K, committed 92928K, reserved 1130496K
  class space    used 11722K, capacity 12541K, committed 12544K, reserved 1048576K
Heap Regions: E=young(eden), S=young(survivor), O=old, HS=humongous(starts), HC=humongous(continues), CS=collection set, F=free, A=archive, TAMS=top-at-mark-start (previous, next)
|   0|0x0000000080000000, 0x0000000080100000, 0x0000000080100000|100%| O|  |TAMS 0x0000000080100000, 0x0000000080000000| Untracked 
|   1|0x0000000080100000, 0x0000000080200000, 0x0000000080200000|100%| O|  |TAMS 0x0000000080200000, 0x0000000080100000| Untracked 
|   2|0x0000000080200000, 0x0000000080300000, 0x0000000080300000|100%| O|  |TAMS 0x0000000080300000, 0x0000000080200000| Untracked 
|   3|0x0000000080300000, 0x0000000080400000, 0x0000000080400000|100%|HS|  |TAMS 0x0000000080400000, 0x0000000080300000| Complete 
|   4|0x0000000080400000, 0x0000000080500000, 0x0000000080500000|100%|HC|  |TAMS 0x0000000080500000, 0x0000000080400000| Complete 
|   5|0x0000000080500000, 0x0000000080600000, 0x0000000080600000|100%|HC|  |TAMS 0x0000000080600000, 0x0000000080500000| Complete 
|   6|0x0000000080600000, 0x0000000080700000, 0x0000000080700000|100%| O|  |TAMS 0x0000000080700000, 0x0000000080600000| Untracked 
|   7|0x0000000080700000, 0x0000000080800000, 0x0000000080800000|100%| O|  |TAMS 0x0000000080800000, 0x0000000080700000| Untracked 
|   8|0x0000000080800000, 0x0000000080900000, 0x0000000080900000|100%| O|  |TAMS 0x0000000080900000, 0x0000000080800000| Untracked 
|   9|0x0000000080900000, 0x0000000080a00000, 0x0000000080a00000|100%| O|  |TAMS 0x0000000080a00000, 0x0000000080900000| Untracked 
|  10|0x0000000080a00000, 0x0000000080b00000, 0x0000000080b00000|100%| O|  |TAMS 0x0000000080b00000, 0x0000000080a00000| Untracked 
|  11|0x0000000080b00000, 0x0000000080c00000, 0x0000000080c00000|100%| O|  |TAMS 0x0000000080c00000, 0x0000000080b00000| Untracked 
|  12|0x0000000080c00000, 0x0000000080d00000, 0x0000000080d00000|100%| O|  |TAMS 0x0000000080d00000, 0x0000000080c00000| Untracked 
|  13|0x0000000080d00000, 0x0000000080e00000, 0x0000000080e00000|100%| O|  |TAMS 0x0000000080e00000, 0x0000000080d00000| Untracked 
|  14|0x0000000080e00000, 0x0000000080f00000, 0x0000000080f00000|100%| O|  |TAMS 0x0000000080f00000, 0x0000000080e00000| Untracked 
|  15|0x0000000080f00000, 0x0000000081000000, 0x0000000081000000|100%| O|  |TAMS 0x0000000081000000, 0x0000000080f00000| Untracked 
|  16|0x0000000081000000, 0x0000000081100000, 0x0000000081100000|100%| O|  |TAMS 0x0000000081100000, 0x0000000081000000| Untracked 
|  17|0x0000000081100000, 0x0000000081200000, 0x0000000081200000|100%| O|  |TAMS 0x0000000081200000, 0x0000000081100000| Untracked 
|  18|0x0000000081200000, 0x0000000081300000, 0x0000000081300000|100%| O|  |TAMS 0x0000000081300000, 0x0000000081200000| Untracked 
|  19|0x0000000081300000, 0x0000000081400000, 0x0000000081400000|100%| O|  |TAMS 0x0000000081400000, 0x0000000081300000| Untracked 
|  20|0x0000000081400000, 0x0000000081500000, 0x0000000081500000|100%| O|  |TAMS 0x0000000081500000, 0x0000000081400000| Untracked 
|  21|0x0000000081500000, 0x0000000081600000, 0x0000000081600000|100%| O|  |TAMS 0x0000000081600000, 0x0000000081500000| Untracked 
|  22|0x0000000081600000, 0x0000000081700000, 0x0000000081700000|100%| O|  |TAMS 0x0000000081700000, 0x0000000081600000| Untracked 
|  23|0x0000000081700000, 0x0000000081800000, 0x0000000081800000|100%| O|  |TAMS 0x0000000081800000, 0x0000000081700000| Untracked 
|  24|0x0000000081800000, 0x0000000081900000, 0x0000000081900000|100%| O|  |TAMS 0x0000000081900000, 0x0000000081800000| Untracked 
|  25|0x0000000081900000, 0x0000000081a00000, 0x0000000081a00000|100%| O|  |TAMS 0x0000000081a00000, 0x0000000081900000| Untracked 
|  26|0x0000000081a00000, 0x0000000081b00000, 0x0000000081b00000|100%| O|  |TAMS 0x0000000081b00000, 0x0000000081a00000| Untracked 
|  27|0x0000000081b00000, 0x0000000081c00000, 0x0000000081c00000|100%| O|  |TAMS 0x0000000081c00000, 0x0000000081b00000| Untracked 
|  28|0x0000000081c00000, 0x0000000081d00000, 0x0000000081d00000|100%| O|  |TAMS 0x0000000081d00000, 0x0000000081c00000| Untracked 
|  29|0x0000000081d00000, 0x0000000081e00000, 0x0000000081e00000|100%|HS|  |TAMS 0x0000000081e00000, 0x0000000081d00000| Complete 
|  30|0x0000000081e00000, 0x0000000081f00000, 0x0000000081f00000|100%|HS|  |TAMS 0x0000000081f00000, 0x0000000081e00000| Complete 
|  31|0x0000000081f00000, 0x0000000082000000, 0x0000000082000000|100%|HS|  |TAMS 0x0000000082000000, 0x0000000081f00000| Complete 
|  32|0x0000000082000000, 0x0000000082100000, 0x0000000082100000|100%|HC|  |TAMS 0x0000000082100000, 0x0000000082000000| Complete 
|  33|0x0000000082100000, 0x0000000082200000, 0x0000000082200000|100%| O|  |TAMS 0x0000000082200000, 0x0000000082100000| Untracked 
|  34|0x0000000082200000, 0x0000000082300000, 0x0000000082300000|100%| O|  |TAMS 0x0000000082300000, 0x0000000082200000| Untracked 
|  35|0x0000000082300000, 0x0000000082400000, 0x0000000082400000|100%| O|  |TAMS 0x0000000082400000, 0x0000000082300000| Untracked 
|  36|0x0000000082400000, 0x0000000082500000, 0x0000000082500000|100%| O|  |TAMS 0x0000000082500000, 0x0000000082400000| Untracked 
|  37|0x0000000082500000, 0x0000000082600000, 0x0000000082600000|100%| O|  |TAMS 0x0000000082600000, 0x0000000082500000| Untracked 
|  38|0x0000000082600000, 0x0000000082700000, 0x0000000082700000|100%| O|  |TAMS 0x0000000082700000, 0x0000000082600000| Untracked 
|  39|0x0000000082700000, 0x0000000082800000, 0x0000000082800000|100%| O|  |TAMS 0x0000000082800000, 0x0000000082700000| Untracked 
|  40|0x0000000082800000, 0x0000000082900000, 0x0000000082900000|100%| O|  |TAMS 0x0000000082900000, 0x0000000082800000| Untracked 
|  41|0x0000000082900000, 0x0000000082a00000, 0x0000000082a00000|100%| O|  |TAMS 0x0000000082a00000, 0x0000000082900000| Untracked 
|  42|0x0000000082a00000, 0x0000000082b00000, 0x0000000082b00000|100%| O|  |TAMS 0x0000000082b00000, 0x0000000082a00000| Untracked 
|  43|0x0000000082b00000, 0x0000000082c00000, 0x0000000082c00000|100%| O|  |TAMS 0x0000000082c00000, 0x0000000082b00000| Untracked 
|  44|0x0000000082c00000, 0x0000000082d00000, 0x0000000082d00000|100%| O|  |TAMS 0x0000000082d00000, 0x0000000082c00000| Untracked 
|  45|0x0000000082d00000, 0x0000000082e00000, 0x0000000082e00000|100%| O|  |TAMS 0x0000000082e00000, 0x0000000082d00000| Untracked 
|  46|0x0000000082e00000, 0x0000000082f00000, 0x0000000082f00000|100%| O|  |TAMS 0x0000000082f00000, 0x0000000082e00000| Untracked 
|  47|0x0000000082f00000, 0x0000000083000000, 0x0000000083000000|100%| O|  |TAMS 0x0000000083000000, 0x0000000082f00000| Untracked 
|  48|0x0000000083000000, 0x0000000083100000, 0x0000000083100000|100%| O|  |TAMS 0x0000000083100000, 0x0000000083000000| Untracked 
|  49|0x0000000083100000, 0x0000000083200000, 0x0000000083200000|100%| O|  |TAMS 0x0000000083200000, 0x0000000083100000| Untracked 
|  50|0x0000000083200000, 0x0000000083300000, 0x0000000083300000|100%| O|  |TAMS 0x0000000083300000, 0x0000000083200000| Untracked 
|  51|0x0000000083300000, 0x0000000083400000, 0x0000000083400000|100%| O|  |TAMS 0x0000000083400000, 0x0000000083300000| Untracked 
|  52|0x0000000083400000, 0x0000000083500000, 0x0000000083500000|100%| O|  |TAMS 0x0000000083500000, 0x0000000083400000| Untracked 
|  53|0x0000000083500000, 0x0000000083600000, 0x0000000083600000|100%| O|  |TAMS 0x0000000083600000, 0x0000000083500000| Untracked 
|  54|0x0000000083600000, 0x0000000083700000, 0x0000000083700000|100%| O|  |TAMS 0x0000000083700000, 0x0000000083600000| Untracked 
|  55|0x0000000083700000, 0x0000000083800000, 0x0000000083800000|100%| O|  |TAMS 0x0000000083800000, 0x0000000083700000| Untracked 
|  56|0x0000000083800000, 0x0000000083900000, 0x0000000083900000|100%| O|  |TAMS 0x0000000083900000, 0x0000000083800000| Untracked 
|  57|0x0000000083900000, 0x0000000083a00000, 0x0000000083a00000|100%| O|  |TAMS 0x0000000083a00000, 0x0000000083900000| Untracked 
|  58|0x0000000083a00000, 0x0000000083b00000, 0x0000000083b00000|100%| O|  |TAMS 0x0000000083b00000, 0x0000000083a00000| Untracked 
|  59|0x0000000083b00000, 0x0000000083c00000, 0x0000000083c00000|100%| O|  |TAMS 0x0000000083c00000, 0x0000000083b00000| Untracked 
|  60|0x0000000083c00000, 0x0000000083d00000, 0x0000000083d00000|100%| O|  |TAMS 0x0000000083d00000, 0x0000000083c00000| Untracked 
|  61|0x0000000083d00000, 0x0000000083e00000, 0x0000000083e00000|100%| O|  |TAMS 0x0000000083e00000, 0x0000000083d00000| Untracked 
|  62|0x0000000083e00000, 0x0000000083f00000, 0x0000000083f00000|100%| O|  |TAMS 0x0000000083f00000, 0x0000000083e00000| Untracked 
|  63|0x0000000083f00000, 0x0000000084000000, 0x0000000084000000|100%| O|  |TAMS 0x0000000084000000, 0x0000000083f00000| Untracked 
|  64|0x0000000084000000, 0x0000000084100000, 0x0000000084100000|100%| O|  |TAMS 0x0000000084100000, 0x0000000084000000| Untracked 
|  65|0x0000000084100000, 0x0000000084200000, 0x0000000084200000|100%| O|  |TAMS 0x0000000084200000, 0x0000000084100000| Untracked 
|  66|0x0000000084200000, 0x0000000084300000, 0x0000000084300000|100%| O|  |TAMS 0x0000000084300000, 0x0000000084200000| Untracked 
|  67|0x0000000084300000, 0x0000000084400000, 0x0000000084400000|100%| O|  |TAMS 0x0000000084400000, 0x0000000084300000| Untracked 
|  68|0x0000000084400000, 0x0000000084500000, 0x0000000084500000|100%| O|  |TAMS 0x0000000084500000, 0x0000000084400000| Untracked 
|  69|0x0000000084500000, 0x0000000084600000, 0x0000000084600000|100%| O|  |TAMS 0x0000000084600000, 0x0000000084500000| Untracked 
|  70|0x0000000084600000, 0x0000000084700000, 0x0000000084700000|100%| O|  |TAMS 0x0000000084700000, 0x0000000084600000| Untracked 
|  71|0x0000000084700000, 0x0000000084800000, 0x0000000084800000|100%| O|  |TAMS 0x0000000084800000, 0x0000000084700000| Untracked 
|  72|0x0000000084800000, 0x0000000084900000, 0x0000000084900000|100%| O|  |TAMS 0x0000000084900000, 0x0000000084800000| Untracked 
|  73|0x0000000084900000, 0x0000000084a00000, 0x0000000084a00000|100%| O|  |TAMS 0x0000000084a00000, 0x0000000084900000| Untracked 
|  74|0x0000000084a00000, 0x0000000084a00000, 0x0000000084b00000|  0%| F|  |TAMS 0x0000000084a00000, 0x0000000084a00000| Untracked 
|  75|0x0000000084b00000, 0x0000000084b00000, 0x0000000084c00000|  0%| F|  |TAMS 0x0000000084b00000, 0x0000000084b00000| Untracked 
|  76|0x0000000084c00000, 0x0000000084c00000, 0x0000000084d00000|  0%| F|  |TAMS 0x0000000084c00000, 0x0000000084c00000| Untracked 
|  77|0x0000000084d00000, 0x0000000084d00000, 0x0000000084e00000|  0%| F|  |TAMS 0x0000000084d00000, 0x0000000084d00000| Untracked 
|  78|0x0000000084e00000, 0x0000000084e00000, 0x0000000084f00000|  0%| F|  |TAMS 0x0000000084e00000, 0x0000000084e00000| Untracked 
|  79|0x0000000084f00000, 0x0000000084f00000, 0x0000000085000000|  0%| F|  |TAMS 0x0000000084f00000, 0x0000000084f00000| Untracked 
|  80|0x0000000085000000, 0x0000000085000000, 0x0000000085100000|  0%| F|  |TAMS 0x0000000085000000, 0x0000000085000000| Untracked 
|  81|0x0000000085100000, 0x0000000085100000, 0x0000000085200000|  0%| F|  |TAMS 0x0000000085100000, 0x0000000085100000| Untracked 
|  82|0x0000000085200000, 0x0000000085200000, 0x0000000085300000|  0%| F|  |TAMS 0x0000000085200000, 0x0000000085200000| Untracked 
|  83|0x0000000085300000, 0x0000000085300000, 0x0000000085400000|  0%| F|  |TAMS 0x0000000085300000, 0x0000000085300000| Untracked 
|  84|0x0000000085400000, 0x0000000085400000, 0x0000000085500000|  0%| F|  |TAMS 0x0000000085400000, 0x0000000085400000| Untracked 
|  85|0x0000000085500000, 0x0000000085500000, 0x0000000085600000|  0%| F|  |TAMS 0x0000000085500000, 0x0000000085500000| Untracked 
|  86|0x0000000085600000, 0x0000000085700000, 0x0000000085700000|100%| O|  |TAMS 0x0000000085600000, 0x0000000085600000| Untracked 
|  87|0x0000000085700000, 0x0000000085800000, 0x0000000085800000|100%| O|  |TAMS 0x0000000085700000, 0x0000000085700000| Untracked 
|  88|0x0000000085800000, 0x0000000085835800, 0x0000000085900000| 20%| O|  |TAMS 0x0000000085800000, 0x0000000085800000| Untracked 
|  89|0x0000000085900000, 0x0000000085900000, 0x0000000085a00000|  0%| F|  |TAMS 0x0000000085900000, 0x0000000085900000| Untracked 
|  90|0x0000000085a00000, 0x0000000085a00000, 0x0000000085b00000|  0%| F|  |TAMS 0x0000000085a00000, 0x0000000085a00000| Untracked 
|  91|0x0000000085b00000, 0x0000000085b00000, 0x0000000085c00000|  0%| F|  |TAMS 0x0000000085b00000, 0x0000000085b00000| Untracked 
|  92|0x0000000085c00000, 0x0000000085c00000, 0x0000000085d00000|  0%| F|  |TAMS 0x0000000085c00000, 0x0000000085c00000| Untracked 
|  93|0x0000000085d00000, 0x0000000085d00000, 0x0000000085e00000|  0%| F|  |TAMS 0x0000000085d00000, 0x0000000085d00000| Untracked 
|  94|0x0000000085e00000, 0x0000000085e00000, 0x0000000085f00000|  0%| F|  |TAMS 0x0000000085e00000, 0x0000000085e00000| Untracked 
|  95|0x0000000085f00000, 0x0000000085f00000, 0x0000000086000000|  0%| F|  |TAMS 0x0000000085f00000, 0x0000000085f00000| Untracked 
|  96|0x0000000086000000, 0x0000000086100000, 0x0000000086100000|100%| O|  |TAMS 0x0000000086100000, 0x0000000086000000| Untracked 
|  97|0x0000000086100000, 0x0000000086200000, 0x0000000086200000|100%| O|  |TAMS 0x0000000086200000, 0x0000000086100000| Untracked 
|  98|0x0000000086200000, 0x0000000086300000, 0x0000000086300000|100%| O|  |TAMS 0x000000008629ac00, 0x0000000086200000| Untracked 
|  99|0x0000000086300000, 0x0000000086300000, 0x0000000086400000|  0%| F|  |TAMS 0x0000000086300000, 0x0000000086300000| Untracked 
| 100|0x0000000086400000, 0x0000000086400000, 0x0000000086500000|  0%| F|  |TAMS 0x0000000086400000, 0x0000000086400000| Untracked 
| 101|0x0000000086500000, 0x0000000086500000, 0x0000000086600000|  0%| F|  |TAMS 0x0000000086500000, 0x0000000086500000| Untracked 
| 102|0x0000000086600000, 0x0000000086600000, 0x0000000086700000|  0%| F|  |TAMS 0x0000000086600000, 0x0000000086600000| Untracked 
| 103|0x0000000086700000, 0x0000000086700000, 0x0000000086800000|  0%| F|  |TAMS 0x0000000086700000, 0x0000000086700000| Untracked 
| 104|0x0000000086800000, 0x0000000086800000, 0x0000000086900000|  0%| F|  |TAMS 0x0000000086800000, 0x0000000086800000| Untracked 
| 105|0x0000000086900000, 0x0000000086900000, 0x0000000086a00000|  0%| F|  |TAMS 0x0000000086900000, 0x0000000086900000| Untracked 
| 106|0x0000000086a00000, 0x0000000086a00000, 0x0000000086b00000|  0%| F|  |TAMS 0x0000000086a00000, 0x0000000086a00000| Untracked 
| 107|0x0000000086b00000, 0x0000000086b00000, 0x0000000086c00000|  0%| F|  |TAMS 0x0000000086b00000, 0x0000000086b00000| Untracked 
| 108|0x0000000086c00000, 0x0000000086c00000, 0x0000000086d00000|  0%| F|  |TAMS 0x0000000086c00000, 0x0000000086c00000| Untracked 
| 109|0x0000000086d00000, 0x0000000086d00000, 0x0000000086e00000|  0%| F|  |TAMS 0x0000000086d00000, 0x0000000086d00000| Untracked 
| 110|0x0000000086e00000, 0x0000000086e00000, 0x0000000086f00000|  0%| F|  |TAMS 0x0000000086e00000, 0x0000000086e00000| Untracked 
| 111|0x0000000086f00000, 0x0000000086f00000, 0x0000000087000000|  0%| F|  |TAMS 0x0000000086f00000, 0x0000000086f00000| Untracked 
| 112|0x0000000087000000, 0x0000000087000000, 0x0000000087100000|  0%| F|  |TAMS 0x0000000087000000, 0x0000000087000000| Untracked 
| 113|0x0000000087100000, 0x0000000087100000, 0x0000000087200000|  0%| F|  |TAMS 0x0000000087100000, 0x0000000087100000| Untracked 
| 114|0x0000000087200000, 0x0000000087200000, 0x0000000087300000|  0%| F|  |TAMS 0x0000000087200000, 0x0000000087200000| Untracked 
| 115|0x0000000087300000, 0x0000000087300000, 0x0000000087400000|  0%| F|  |TAMS 0x0000000087300000, 0x0000000087300000| Untracked 
| 116|0x0000000087400000, 0x0000000087400000, 0x0000000087500000|  0%| F|  |TAMS 0x0000000087400000, 0x0000000087400000| Untracked 
| 117|0x0000000087500000, 0x0000000087500000, 0x0000000087600000|  0%| F|  |TAMS 0x0000000087500000, 0x0000000087500000| Untracked 
| 118|0x0000000087600000, 0x0000000087600000, 0x0000000087700000|  0%| F|  |TAMS 0x0000000087600000, 0x0000000087600000| Untracked 
| 119|0x0000000087700000, 0x0000000087700000, 0x0000000087800000|  0%| F|  |TAMS 0x0000000087700000, 0x0000000087700000| Untracked 
| 120|0x0000000087800000, 0x0000000087800000, 0x0000000087900000|  0%| F|  |TAMS 0x0000000087800000, 0x0000000087800000| Untracked 
| 121|0x0000000087900000, 0x0000000087900000, 0x0000000087a00000|  0%| F|  |TAMS 0x0000000087900000, 0x0000000087900000| Untracked 
| 122|0x0000000087a00000, 0x0000000087a2c7e0, 0x0000000087b00000| 17%| S|CS|TAMS 0x0000000087a00000, 0x0000000087a00000| Complete 
| 123|0x0000000087b00000, 0x0000000087c00000, 0x0000000087c00000|100%| S|CS|TAMS 0x0000000087b00000, 0x0000000087b00000| Complete 
| 124|0x0000000087c00000, 0x0000000087d00000, 0x0000000087d00000|100%| S|CS|TAMS 0x0000000087c00000, 0x0000000087c00000| Complete 
| 125|0x0000000087d00000, 0x0000000087d00000, 0x0000000087e00000|  0%| F|  |TAMS 0x0000000087d00000, 0x0000000087d00000| Untracked 
| 126|0x0000000087e00000, 0x0000000087e00000, 0x0000000087f00000|  0%| F|  |TAMS 0x0000000087e00000, 0x0000000087e00000| Untracked 
| 127|0x0000000087f00000, 0x0000000087f00000, 0x0000000088000000|  0%| F|  |TAMS 0x0000000087f00000, 0x0000000087f00000| Untracked 
| 128|0x0000000088000000, 0x0000000088000000, 0x0000000088100000|  0%| F|  |TAMS 0x0000000088000000, 0x0000000088000000| Untracked 
| 129|0x0000000088100000, 0x0000000088100000, 0x0000000088200000|  0%| F|  |TAMS 0x0000000088100000, 0x0000000088100000| Untracked 
| 130|0x0000000088200000, 0x0000000088200000, 0x0000000088300000|  0%| F|  |TAMS 0x0000000088200000, 0x0000000088200000| Untracked 
| 131|0x0000000088300000, 0x0000000088300000, 0x0000000088400000|  0%| F|  |TAMS 0x0000000088300000, 0x0000000088300000| Untracked 
| 132|0x0000000088400000, 0x0000000088400000, 0x0000000088500000|  0%| F|  |TAMS 0x0000000088400000, 0x0000000088400000| Untracked 
| 133|0x0000000088500000, 0x0000000088500000, 0x0000000088600000|  0%| F|  |TAMS 0x0000000088500000, 0x0000000088500000| Untracked 
| 134|0x0000000088600000, 0x0000000088600000, 0x0000000088700000|  0%| F|  |TAMS 0x0000000088600000, 0x0000000088600000| Untracked 
| 135|0x0000000088700000, 0x0000000088700000, 0x0000000088800000|  0%| F|  |TAMS 0x0000000088700000, 0x0000000088700000| Untracked 
| 136|0x0000000088800000, 0x0000000088800000, 0x0000000088900000|  0%| F|  |TAMS 0x0000000088800000, 0x0000000088800000| Untracked 
| 137|0x0000000088900000, 0x0000000088900000, 0x0000000088a00000|  0%| F|  |TAMS 0x0000000088900000, 0x0000000088900000| Untracked 
| 138|0x0000000088a00000, 0x0000000088a00000, 0x0000000088b00000|  0%| F|  |TAMS 0x0000000088a00000, 0x0000000088a00000| Untracked 
| 139|0x0000000088b00000, 0x0000000088b00000, 0x0000000088c00000|  0%| F|  |TAMS 0x0000000088b00000, 0x0000000088b00000| Untracked 
| 140|0x0000000088c00000, 0x0000000088c00000, 0x0000000088d00000|  0%| F|  |TAMS 0x0000000088c00000, 0x0000000088c00000| Untracked 
| 141|0x0000000088d00000, 0x0000000088d00000, 0x0000000088e00000|  0%| F|  |TAMS 0x0000000088d00000, 0x0000000088d00000| Untracked 
| 142|0x0000000088e00000, 0x0000000088e00000, 0x0000000088f00000|  0%| F|  |TAMS 0x0000000088e00000, 0x0000000088e00000| Untracked 
| 143|0x0000000088f00000, 0x0000000088f00000, 0x0000000089000000|  0%| F|  |TAMS 0x0000000088f00000, 0x0000000088f00000| Untracked 
| 144|0x0000000089000000, 0x0000000089000000, 0x0000000089100000|  0%| F|  |TAMS 0x0000000089000000, 0x0000000089000000| Untracked 
| 145|0x0000000089100000, 0x0000000089100000, 0x0000000089200000|  0%| F|  |TAMS 0x0000000089100000, 0x0000000089100000| Untracked 
| 146|0x0000000089200000, 0x0000000089200000, 0x0000000089300000|  0%| F|  |TAMS 0x0000000089200000, 0x0000000089200000| Untracked 
| 147|0x0000000089300000, 0x0000000089300000, 0x0000000089400000|  0%| F|  |TAMS 0x0000000089300000, 0x0000000089300000| Untracked 
| 148|0x0000000089400000, 0x0000000089400000, 0x0000000089500000|  0%| F|  |TAMS 0x0000000089400000, 0x0000000089400000| Untracked 
| 149|0x0000000089500000, 0x0000000089500000, 0x0000000089600000|  0%| F|  |TAMS 0x0000000089500000, 0x0000000089500000| Untracked 
| 150|0x0000000089600000, 0x0000000089600000, 0x0000000089700000|  0%| F|  |TAMS 0x0000000089600000, 0x0000000089600000| Untracked 
| 151|0x0000000089700000, 0x0000000089700000, 0x0000000089800000|  0%| F|  |TAMS 0x0000000089700000, 0x0000000089700000| Untracked 
| 152|0x0000000089800000, 0x0000000089800000, 0x0000000089900000|  0%| F|  |TAMS 0x0000000089800000, 0x0000000089800000| Untracked 
| 153|0x0000000089900000, 0x0000000089900000, 0x0000000089a00000|  0%| F|  |TAMS 0x0000000089900000, 0x0000000089900000| Untracked 
| 154|0x0000000089a00000, 0x0000000089a00000, 0x0000000089b00000|  0%| F|  |TAMS 0x0000000089a00000, 0x0000000089a00000| Untracked 
| 155|0x0000000089b00000, 0x0000000089b00000, 0x0000000089c00000|  0%| F|  |TAMS 0x0000000089b00000, 0x0000000089b00000| Untracked 
| 156|0x0000000089c00000, 0x0000000089c00000, 0x0000000089d00000|  0%| F|  |TAMS 0x0000000089c00000, 0x0000000089c00000| Untracked 
| 157|0x0000000089d00000, 0x0000000089d00000, 0x0000000089e00000|  0%| F|  |TAMS 0x0000000089d00000, 0x0000000089d00000| Untracked 
| 158|0x0000000089e00000, 0x0000000089e00000, 0x0000000089f00000|  0%| F|  |TAMS 0x0000000089e00000, 0x0000000089e00000| Untracked 
| 159|0x0000000089f00000, 0x0000000089f00000, 0x000000008a000000|  0%| F|  |TAMS 0x0000000089f00000, 0x0000000089f00000| Untracked 
| 160|0x000000008a000000, 0x000000008a000000, 0x000000008a100000|  0%| F|  |TAMS 0x000000008a000000, 0x000000008a000000| Untracked 
| 161|0x000000008a100000, 0x000000008a100000, 0x000000008a200000|  0%| F|  |TAMS 0x000000008a100000, 0x000000008a100000| Untracked 

Card table byte_map: [0x0000018172fd0000,0x00000181733d0000] _byte_map_base: 0x0000018172bd0000

Marking Bits (Prev, Next): (CMBitMap*) 0x000001816f100ef0, (CMBitMap*) 0x000001816f100eb8
 Prev Bits: [0x00000181757d0000, 0x00000181777d0000)
 Next Bits: [0x00000181737d0000, 0x00000181757d0000)

Polling page: 0x000001816cfd0000

Metaspace:

Usage:
  Non-class:     78.40 MB capacity,    76.93 MB ( 98%) used,     1.21 MB (  2%) free+waste,   267.44 KB ( <1%) overhead. 
      Class:     12.25 MB capacity,    11.45 MB ( 93%) used,   699.10 KB (  6%) free+waste,   119.31 KB ( <1%) overhead. 
       Both:     90.64 MB capacity,    88.38 MB ( 98%) used,     1.89 MB (  2%) free+waste,   386.75 KB ( <1%) overhead. 

Virtual space:
  Non-class space:       80.00 MB reserved,      78.50 MB ( 98%) committed 
      Class space:        1.00 GB reserved,      12.25 MB (  1%) committed 
             Both:        1.08 GB reserved,      90.75 MB (  8%) committed 

Chunk freelists:
   Non-Class:  42.00 KB
       Class:  0 bytes
        Both:  42.00 KB

MaxMetaspaceSize: 17179869184.00 GB
CompressedClassSpaceSize: 1.00 GB
Initial GC threshold: 20.80 MB
Current GC threshold: 149.38 MB
CDS: off

CodeHeap 'non-profiled nmethods': size=120064Kb used=7141Kb max_used=7141Kb free=112922Kb
 bounds [0x0000018107ac0000, 0x00000181081c0000, 0x000001810f000000]
CodeHeap 'profiled nmethods': size=120000Kb used=24973Kb max_used=24973Kb free=95026Kb
 bounds [0x0000018100590000, 0x0000018101e00000, 0x0000018107ac0000]
CodeHeap 'non-nmethods': size=5696Kb used=2395Kb max_used=2473Kb free=3300Kb
 bounds [0x0000018100000000, 0x0000018100280000, 0x0000018100590000]
 total_blobs=12387 nmethods=11474 adapters=822
 compilation: enabled
              stopped_count=0, restarted_count=0
 full_count=0

Compilation events (20 events):
Event: 224.142 Thread 0x0000018179ce3000 11529       4       org.gradle.internal.resources.DefaultResourceLockCoordinationService::getCurrent (42 bytes)
Event: 224.149 Thread 0x0000018179ce3000 nmethod 11529 0x00000181081b8690 code [0x00000181081b8860, 0x00000181081b8b38]
Event: 224.150 Thread 0x0000018179ce7800 11530       3       org.gradle.internal.resources.DefaultResourceLockCoordinationService$ReleaseLocks::transform (42 bytes)
Event: 224.150 Thread 0x0000018179ce7800 nmethod 11530 0x0000018101defa90 code [0x0000018101defca0, 0x0000018101df0258]
Event: 224.150 Thread 0x0000018179ce7800 11531       3       org.gradle.api.internal.artifacts.ivyservice.resolveengine.artifact.ArtifactBackedResolvedVariant$DownloadArtifactFile::description (50 bytes)
Event: 224.151 Thread 0x0000018179ce7800 nmethod 11531 0x0000018101df0410 code [0x0000018101df0700, 0x0000018101df16f8]
Event: 224.151 Thread 0x0000018179ce7800 11532       3       org.gradle.api.internal.artifacts.DefaultResolvableArtifact::toString (10 bytes)
Event: 224.152 Thread 0x0000018179ce7800 nmethod 11532 0x0000018101df1c10 code [0x0000018101df1dc0, 0x0000018101df1f88]
Event: 224.175 Thread 0x0000018179ce3000 11533       4       java.util.function.Function$$Lambda$54/0x0000000100164440::apply (5 bytes)
Event: 224.176 Thread 0x0000018179ce3000 nmethod 11533 0x00000181081b8e90 code [0x00000181081b9020, 0x00000181081b9078]
Event: 224.177 Thread 0x0000018179ce7800 11534       3       org.gradle.internal.Either::right (9 bytes)
Event: 224.177 Thread 0x0000018179ce7800 nmethod 11534 0x0000018101df2090 code [0x0000018101df2260, 0x0000018101df2518]
Event: 224.177 Thread 0x0000018179ce7800 11535       3       org.gradle.internal.Either$Right::<init> (10 bytes)
Event: 224.177 Thread 0x0000018179ce7800 nmethod 11535 0x0000018101df2610 code [0x0000018101df27c0, 0x0000018101df29d8]
Event: 224.177 Thread 0x0000018179ce7800 11536       3       org.gradle.internal.classpath.DefaultCachedClasspathTransformer$$Lambda$329/0x0000000100507840::apply (17 bytes)
Event: 224.178 Thread 0x0000018179ce3000 11537       4       java.lang.invoke.DirectMethodHandle$Holder::invokeStatic (20 bytes)
Event: 224.178 Thread 0x0000018179ce7800 nmethod 11536 0x0000018101df2b10 code [0x0000018101df2ce0, 0x0000018101df2f68]
Event: 224.179 Thread 0x0000018179ce7800 11538       3       java.util.concurrent.AbstractExecutorService::newTaskFor (9 bytes)
Event: 224.179 Thread 0x0000018179ce3000 nmethod 11537 0x00000181081b9190 code [0x00000181081b9340, 0x00000181081b9408]
Event: 224.179 Thread 0x0000018179ce7800 nmethod 11538 0x0000018101df3090 code [0x0000018101df3260, 0x0000018101df35e8]

GC Heap History (20 events):
Event: 32.060 GC heap after
{Heap after GC invocations=44 (full 0):
 garbage-first heap   total 114688K, used 64259K [0x0000000080000000, 0x0000000100000000)
  region size 1024K, 4 young (4096K), 4 survivors (4096K)
 Metaspace       used 80360K, capacity 82446K, committed 82560K, reserved 1120256K
  class space    used 10609K, capacity 11372K, committed 11392K, reserved 1048576K
}
Event: 33.315 GC heap before
{Heap before GC invocations=45 (full 0):
 garbage-first heap   total 114688K, used 89859K [0x0000000080000000, 0x0000000100000000)
  region size 1024K, 30 young (30720K), 4 survivors (4096K)
 Metaspace       used 81087K, capacity 83193K, committed 83456K, reserved 1122304K
  class space    used 10684K, capacity 11465K, committed 11520K, reserved 1048576K
}
Event: 33.330 GC heap after
{Heap after GC invocations=46 (full 0):
 garbage-first heap   total 114688K, used 66515K [0x0000000080000000, 0x0000000100000000)
  region size 1024K, 4 young (4096K), 4 survivors (4096K)
 Metaspace       used 81087K, capacity 83193K, committed 83456K, reserved 1122304K
  class space    used 10684K, capacity 11465K, committed 11520K, reserved 1048576K
}
Event: 34.284 GC heap before
{Heap before GC invocations=46 (full 0):
 garbage-first heap   total 114688K, used 92115K [0x0000000080000000, 0x0000000100000000)
  region size 1024K, 30 young (30720K), 4 survivors (4096K)
 Metaspace       used 81365K, capacity 83525K, committed 83712K, reserved 1122304K
  class space    used 10698K, capacity 11506K, committed 11520K, reserved 1048576K
}
Event: 34.300 GC heap after
{Heap after GC invocations=47 (full 0):
 garbage-first heap   total 138240K, used 68440K [0x0000000080000000, 0x0000000100000000)
  region size 1024K, 4 young (4096K), 4 survivors (4096K)
 Metaspace       used 81365K, capacity 83525K, committed 83712K, reserved 1122304K
  class space    used 10698K, capacity 11506K, committed 11520K, reserved 1048576K
}
Event: 35.484 GC heap before
{Heap before GC invocations=48 (full 0):
 garbage-first heap   total 138240K, used 102232K [0x0000000080000000, 0x0000000100000000)
  region size 1024K, 38 young (38912K), 4 survivors (4096K)
 Metaspace       used 81891K, capacity 84058K, committed 84352K, reserved 1122304K
  class space    used 10741K, capacity 11531K, committed 11648K, reserved 1048576K
}
Event: 35.502 GC heap after
{Heap after GC invocations=49 (full 0):
 garbage-first heap   total 138240K, used 71503K [0x0000000080000000, 0x0000000100000000)
  region size 1024K, 5 young (5120K), 5 survivors (5120K)
 Metaspace       used 81891K, capacity 84058K, committed 84352K, reserved 1122304K
  class space    used 10741K, capacity 11531K, committed 11648K, reserved 1048576K
}
Event: 36.520 GC heap before
{Heap before GC invocations=49 (full 0):
 garbage-first heap   total 138240K, used 105295K [0x0000000080000000, 0x0000000100000000)
  region size 1024K, 39 young (39936K), 5 survivors (5120K)
 Metaspace       used 82292K, capacity 84476K, committed 84608K, reserved 1122304K
  class space    used 10767K, capacity 11574K, committed 11648K, reserved 1048576K
}
Event: 36.537 GC heap after
{Heap after GC invocations=50 (full 0):
 garbage-first heap   total 138240K, used 73684K [0x0000000080000000, 0x0000000100000000)
  region size 1024K, 3 young (3072K), 3 survivors (3072K)
 Metaspace       used 82292K, capacity 84476K, committed 84608K, reserved 1122304K
  class space    used 10767K, capacity 11574K, committed 11648K, reserved 1048576K
}
Event: 37.464 GC heap before
{Heap before GC invocations=51 (full 0):
 garbage-first heap   total 138240K, used 107476K [0x0000000080000000, 0x0000000100000000)
  region size 1024K, 37 young (37888K), 3 survivors (3072K)
 Metaspace       used 82422K, capacity 84593K, committed 84864K, reserved 1122304K
  class space    used 10767K, capacity 11563K, committed 11648K, reserved 1048576K
}
Event: 37.477 GC heap after
{Heap after GC invocations=52 (full 0):
 garbage-first heap   total 138240K, used 75563K [0x0000000080000000, 0x0000000100000000)
  region size 1024K, 5 young (5120K), 5 survivors (5120K)
 Metaspace       used 82422K, capacity 84593K, committed 84864K, reserved 1122304K
  class space    used 10767K, capacity 11563K, committed 11648K, reserved 1048576K
}
Event: 38.608 GC heap before
{Heap before GC invocations=52 (full 0):
 garbage-first heap   total 138240K, used 109355K [0x0000000080000000, 0x0000000100000000)
  region size 1024K, 39 young (39936K), 5 survivors (5120K)
 Metaspace       used 82800K, capacity 84955K, committed 85120K, reserved 1122304K
  class space    used 10823K, capacity 11597K, committed 11648K, reserved 1048576K
}
Event: 38.623 GC heap after
{Heap after GC invocations=53 (full 0):
 garbage-first heap   total 165888K, used 77863K [0x0000000080000000, 0x0000000100000000)
  region size 1024K, 5 young (5120K), 5 survivors (5120K)
 Metaspace       used 82800K, capacity 84955K, committed 85120K, reserved 1122304K
  class space    used 10823K, capacity 11597K, committed 11648K, reserved 1048576K
}
Event: 39.352 GC heap before
{Heap before GC invocations=54 (full 0):
 garbage-first heap   total 165888K, used 122919K [0x0000000080000000, 0x0000000100000000)
  region size 1024K, 50 young (51200K), 5 survivors (5120K)
 Metaspace       used 86634K, capacity 88767K, committed 88960K, reserved 1126400K
  class space    used 11276K, capacity 12078K, committed 12160K, reserved 1048576K
}
Event: 39.366 GC heap after
{Heap after GC invocations=55 (full 0):
 garbage-first heap   total 165888K, used 78594K [0x0000000080000000, 0x0000000100000000)
  region size 1024K, 3 young (3072K), 3 survivors (3072K)
 Metaspace       used 86634K, capacity 88767K, committed 88960K, reserved 1126400K
  class space    used 11276K, capacity 12078K, committed 12160K, reserved 1048576K
}
Event: 40.578 GC heap before
{Heap before GC invocations=55 (full 0):
 garbage-first heap   total 165888K, used 112386K [0x0000000080000000, 0x0000000100000000)
  region size 1024K, 37 young (37888K), 3 survivors (3072K)
 Metaspace       used 88765K, capacity 90977K, committed 91264K, reserved 1128448K
  class space    used 11525K, capacity 12336K, committed 12416K, reserved 1048576K
}
Event: 40.600 GC heap after
{Heap after GC invocations=56 (full 0):
 garbage-first heap   total 165888K, used 81700K [0x0000000080000000, 0x0000000100000000)
  region size 1024K, 6 young (6144K), 6 survivors (6144K)
 Metaspace       used 88765K, capacity 90977K, committed 91264K, reserved 1128448K
  class space    used 11525K, capacity 12336K, committed 12416K, reserved 1048576K
}
Event: 41.468 GC heap before
{Heap before GC invocations=57 (full 0):
 garbage-first heap   total 165888K, used 107300K [0x0000000080000000, 0x0000000100000000)
  region size 1024K, 10 young (10240K), 6 survivors (6144K)
 Metaspace       used 89112K, capacity 91351K, committed 91520K, reserved 1128448K
  class space    used 11564K, capacity 12372K, committed 12416K, reserved 1048576K
}
Event: 41.484 GC heap after
{Heap after GC invocations=58 (full 0):
 garbage-first heap   total 165888K, used 82271K [0x0000000080000000, 0x0000000100000000)
  region size 1024K, 4 young (4096K), 4 survivors (4096K)
 Metaspace       used 89112K, capacity 91351K, committed 91520K, reserved 1128448K
  class space    used 11564K, capacity 12372K, committed 12416K, reserved 1048576K
}
Event: 224.197 GC heap before
{Heap before GC invocations=59 (full 0):
 garbage-first heap   total 165888K, used 127327K [0x0000000080000000, 0x0000000100000000)
  region size 1024K, 37 young (37888K), 4 survivors (4096K)
 Metaspace       used 90498K, capacity 92819K, committed 92928K, reserved 1130496K
  class space    used 11722K, capacity 12541K, committed 12544K, reserved 1048576K
}

Deoptimization events (20 events):
Event: 222.277 Thread 0x000001817c7bc000 Uncommon trap: trap_request=0xffffffc6 fr.pc=0x000001810803afb0 relative=0x0000000000000750
Event: 222.277 Thread 0x000001817c7bc000 Uncommon trap: reason=bimorphic_or_optimized_type_check action=maybe_recompile pc=0x000001810803afb0 method=org.gradle.internal.operations.DefaultBuildOperationListenerManager$ProgressShieldingBuildOperationListener.finished(Lorg/gradle/internal/operation
Event: 222.277 Thread 0x000001817c7bc000 DEOPT PACKING pc=0x000001810803afb0 sp=0x0000001a18ef9ba0
Event: 222.277 Thread 0x000001817c7bc000 DEOPT UNPACKING pc=0x000001810004a1af sp=0x0000001a18ef9b68 mode 2
Event: 222.277 Thread 0x000001817c7bc000 Uncommon trap: trap_request=0xffffffc6 fr.pc=0x000001810803afb0 relative=0x0000000000000750
Event: 222.277 Thread 0x000001817c7bc000 Uncommon trap: reason=bimorphic_or_optimized_type_check action=maybe_recompile pc=0x000001810803afb0 method=org.gradle.internal.operations.DefaultBuildOperationListenerManager$ProgressShieldingBuildOperationListener.finished(Lorg/gradle/internal/operation
Event: 222.277 Thread 0x000001817c7bc000 DEOPT PACKING pc=0x000001810803afb0 sp=0x0000001a18efb0c0
Event: 222.277 Thread 0x000001817c7bc000 DEOPT UNPACKING pc=0x000001810004a1af sp=0x0000001a18efb088 mode 2
Event: 222.356 Thread 0x000001817c7bc000 DEOPT PACKING pc=0x0000018100a43b79 sp=0x0000001a18efb220
Event: 222.357 Thread 0x000001817c7bc000 DEOPT UNPACKING pc=0x000001810004a95e sp=0x0000001a18efa6e8 mode 0
Event: 223.128 Thread 0x000001817c7bc000 Uncommon trap: trap_request=0xffffffde fr.pc=0x000001810804e2a4 relative=0x00000000000005e4
Event: 223.128 Thread 0x000001817c7bc000 Uncommon trap: reason=class_check action=maybe_recompile pc=0x000001810804e2a4 method=org.gradle.cache.internal.LockOnDemandCrossProcessCacheAccess.incrementLockCount()V @ 97 c2
Event: 223.128 Thread 0x000001817c7bc000 DEOPT PACKING pc=0x000001810804e2a4 sp=0x0000001a18ef73b0
Event: 223.128 Thread 0x000001817c7bc000 DEOPT UNPACKING pc=0x000001810004a1af sp=0x0000001a18ef7360 mode 2
Event: 223.564 Thread 0x000001817c7bc000 DEOPT PACKING pc=0x0000018101a7fcf6 sp=0x0000001a18ef84e0
Event: 223.564 Thread 0x000001817c7bc000 DEOPT UNPACKING pc=0x000001810004a95e sp=0x0000001a18ef7a00 mode 0
Event: 223.587 Thread 0x000001817c7bc000 Uncommon trap: trap_request=0xffffffdc fr.pc=0x00000181081a867c relative=0x00000000000002bc
Event: 223.587 Thread 0x000001817c7bc000 Uncommon trap: reason=class_check action=make_not_entrant pc=0x00000181081a867c method=java.util.ArrayList$SubList.toArray([Ljava/lang/Object;)[Ljava/lang/Object; @ 37 c2
Event: 223.587 Thread 0x000001817c7bc000 DEOPT PACKING pc=0x00000181081a867c sp=0x0000001a18ef8be0
Event: 223.588 Thread 0x000001817c7bc000 DEOPT UNPACKING pc=0x000001810004a1af sp=0x0000001a18ef8ba8 mode 2

Classes redefined (0 events):
No events

Internal exceptions (20 events):
Event: 35.395 Thread 0x000001811162d000 Exception <a 'java/lang/NoSuchMethodError'{0x0000000086993828}: <clinit>> (0x0000000086993828) thrown at [./src/hotspot/share/prims/jni.cpp, line 1365]
Event: 35.395 Thread 0x000001811162d000 Exception <a 'java/lang/NoSuchMethodError'{0x0000000086994a60}: <clinit>> (0x0000000086994a60) thrown at [./src/hotspot/share/prims/jni.cpp, line 1365]
Event: 36.554 Thread 0x000001811162d000 Exception <a 'java/lang/NoSuchMethodError'{0x000000008862de68}: 'int java.lang.invoke.DirectMethodHandle$Holder.invokeSpecial(java.lang.Object, java.lang.Object, java.lang.Object, java.lang.Object, java.lang.Object)'> (0x000000008862de68) thrown at [./src/hotspot/share/interpreter/linkResolver.cpp, line 773]
Event: 39.814 Thread 0x000001811162d000 Exception <a 'java/lang/NoSuchMethodError'{0x000000008968dc30}: <clinit>> (0x000000008968dc30) thrown at [./src/hotspot/share/prims/jni.cpp, line 1365]
Event: 39.823 Thread 0x000001811162d000 Exception <a 'java/lang/NoSuchMethodError'{0x00000000896e1d28}: <clinit>> (0x00000000896e1d28) thrown at [./src/hotspot/share/prims/jni.cpp, line 1365]
Event: 39.825 Thread 0x000001811162d000 Exception <a 'java/lang/NoSuchMethodError'{0x00000000896f44a0}: <clinit>> (0x00000000896f44a0) thrown at [./src/hotspot/share/prims/jni.cpp, line 1365]
Event: 39.970 Thread 0x000001811162f000 Exception <a 'sun/nio/fs/WindowsException'{0x00000000892c4008}> (0x00000000892c4008) thrown at [./src/hotspot/share/prims/jni.cpp, line 615]
Event: 39.980 Thread 0x000001811162f000 Implicit null exception at 0x0000018107bf93e4 to 0x0000018107bfd4e8
Event: 40.120 Thread 0x000001811162f000 Exception <a 'java/lang/NoSuchMethodError'{0x0000000088edf3c8}: 'java.lang.Object java.lang.invoke.DirectMethodHandle$Holder.invokeStatic(java.lang.Object, java.lang.Object, java.lang.Object, java.lang.Object, java.lang.Object, int, java.lang.Object)'> (0x0000000088edf3c8) thrown at [./src/hotspot/share/interpreter/linkResolver.cpp, line 773]
Event: 40.219 Thread 0x000001811162f000 Exception <a 'java/lang/NoSuchMethodError'{0x0000000088adbda8}: 'java.lang.Object java.lang.invoke.DirectMethodHandle$Holder.invokeStatic(java.lang.Object, java.lang.Object, java.lang.Object, java.lang.Object, java.lang.Object, java.lang.Object, java.lang.Object, int)'> (0x0000000088adbda8) thrown at [./src/hotspot/share/interpreter/linkResolver.cpp, line 773]
Event: 40.220 Thread 0x000001811162f000 Exception <a 'java/lang/NoSuchMethodError'{0x0000000088ae0430}: 'java.lang.Object java.lang.invoke.DirectMethodHandle$Holder.invokeSpecial(java.lang.Object, java.lang.Object, java.lang.Object, java.lang.Object, java.lang.Object, java.lang.Object, java.lang.Object, java.lang.Object, int)'> (0x0000000088ae0430) thrown at [./src/hotspot/share/interpreter/linkResolver.cpp, line 773]
Event: 40.221 Thread 0x000001811162f000 Exception <a 'java/lang/NoSuchMethodError'{0x0000000088ae41e8}: 'java.lang.Object java.lang.invoke.Invokers$Holder.linkToTargetMethod(java.lang.Object, java.lang.Object, java.lang.Object, java.lang.Object, java.lang.Object, java.lang.Object, int, java.lang.Object)'> (0x0000000088ae41e8) thrown at [./src/hotspot/share/interpreter/linkResolver.cpp, line 773]
Event: 41.762 Thread 0x000001811162f000 Implicit null exception at 0x0000018107d9256b to 0x0000018107d9258c
Event: 41.976 Thread 0x000001811162d000 Exception <a 'java/lang/NoSuchMethodError'{0x000000008993f870}: 'java.lang.Object java.lang.invoke.DirectMethodHandle$Holder.newInvokeSpecial(java.lang.Object, java.lang.Object, java.lang.Object, java.lang.Object)'> (0x000000008993f870) thrown at [./src/hotspot/share/interpreter/linkResolver.cpp, line 773]
Event: 42.065 Thread 0x000001817b4ad000 Exception <a 'sun/nio/fs/WindowsException'{0x00000000898c2980}> (0x00000000898c2980) thrown at [./src/hotspot/share/prims/jni.cpp, line 615]
Event: 42.065 Thread 0x000001817b4ad000 Exception <a 'sun/nio/fs/WindowsException'{0x00000000898c2a00}> (0x00000000898c2a00) thrown at [./src/hotspot/share/prims/jni.cpp, line 615]
Event: 42.066 Thread 0x000001817b4ad000 Exception <a 'sun/nio/fs/WindowsException'{0x00000000898c42f8}> (0x00000000898c42f8) thrown at [./src/hotspot/share/prims/jni.cpp, line 615]
Event: 42.146 Thread 0x000001817b4ad000 Exception <a 'java/lang/NoSuchMethodError'{0x0000000089691580}: 'java.lang.Object java.lang.invoke.DirectMethodHandle$Holder.invokeSpecial(java.lang.Object, java.lang.Object, java.lang.Object, java.lang.Object, int, java.lang.Object, java.lang.Object)'> (0x0000000089691580) thrown at [./src/hotspot/share/interpreter/linkResolver.cpp, line 773]
Event: 45.174 Thread 0x000001817b9c7000 Implicit null exception at 0x0000018107afa5f4 to 0x0000018107afab64
Event: 45.175 Thread 0x000001817b9c7000 Implicit null exception at 0x0000018107e7d694 to 0x0000018107e7dc8c

Events (20 events):
Event: 223.994 Thread 0x000001817c685800 Thread added: 0x000001817c685800
Event: 223.994 Thread 0x000001817c688000 Thread added: 0x000001817c688000
Event: 223.995 Thread 0x000001817c683000 Thread added: 0x000001817c683000
Event: 223.996 Thread 0x000001817b66d000 Thread added: 0x000001817b66d000
Event: 223.996 Thread 0x000001817b66c000 Thread added: 0x000001817b66c000
Event: 223.997 Thread 0x000001817b66d800 Thread added: 0x000001817b66d800
Event: 223.997 Thread 0x000001817b66b000 Thread added: 0x000001817b66b000
Event: 223.998 Thread 0x000001817b66e800 Thread added: 0x000001817b66e800
Event: 223.999 Thread 0x000001817b668800 Thread added: 0x000001817b668800
Event: 223.999 Thread 0x000001817b66f000 Thread added: 0x000001817b66f000
Event: 223.999 Thread 0x000001817b669800 Thread added: 0x000001817b669800
Event: 224.001 Thread 0x000001817b66a800 Thread added: 0x000001817b66a800
Event: 224.003 Thread 0x0000018110b5d800 Thread added: 0x0000018110b5d800
Event: 224.004 Thread 0x0000018110b5d000 Thread added: 0x0000018110b5d000
Event: 224.004 Thread 0x0000018110b5b000 Thread added: 0x0000018110b5b000
Event: 224.004 Thread 0x0000018110b61000 Thread added: 0x0000018110b61000
Event: 224.004 Thread 0x0000018110b5e800 Thread added: 0x0000018110b5e800
Event: 224.005 Thread 0x0000018110b5c000 Thread added: 0x0000018110b5c000
Event: 224.007 Thread 0x0000018110b61800 Thread added: 0x0000018110b61800
Event: 224.196 Executing VM operation: G1CollectForAllocation


Dynamic libraries:
0x00007ff7624c0000 - 0x00007ff7624ca000 	C:\Program Files\Android\Android Studio\jre\bin\java.exe
0x00007ffee6e70000 - 0x00007ffee7068000 	C:\Windows\SYSTEM32\ntdll.dll
0x00007ffee5530000 - 0x00007ffee55ef000 	C:\Windows\System32\KERNEL32.DLL
0x00007ffee4a70000 - 0x00007ffee4d42000 	C:\Windows\System32\KERNELBASE.dll
0x00007ffee48c0000 - 0x00007ffee49c0000 	C:\Windows\System32\ucrtbase.dll
0x00007ffecf9d0000 - 0x00007ffecf9e7000 	C:\Program Files\Android\Android Studio\jre\bin\VCRUNTIME140.dll
0x00007ffecfb50000 - 0x00007ffecfb69000 	C:\Program Files\Android\Android Studio\jre\bin\jli.dll
0x00007ffee6590000 - 0x00007ffee6731000 	C:\Windows\System32\USER32.dll
0x00007ffee4730000 - 0x00007ffee4752000 	C:\Windows\System32\win32u.dll
0x00007ffee6bb0000 - 0x00007ffee6bdb000 	C:\Windows\System32\GDI32.dll
0x00007ffee47b0000 - 0x00007ffee48bf000 	C:\Windows\System32\gdi32full.dll
0x00007ffee4560000 - 0x00007ffee45fd000 	C:\Windows\System32\msvcp_win.dll
0x00007ffed0e60000 - 0x00007ffed10fa000 	C:\Windows\WinSxS\amd64_microsoft.windows.common-controls_6595b64144ccf1df_6.0.19041.1110_none_60b5254171f9507e\COMCTL32.dll
0x00007ffee52a0000 - 0x00007ffee533e000 	C:\Windows\System32\msvcrt.dll
0x00007ffee60c0000 - 0x00007ffee60f2000 	C:\Windows\System32\IMM32.DLL
0x00007ffeba3a0000 - 0x00007ffeba43d000 	C:\Program Files\Android\Android Studio\jre\bin\msvcp140.dll
0x00007ffeb8a10000 - 0x00007ffeb94f5000 	C:\Program Files\Android\Android Studio\jre\bin\server\jvm.dll
0x00007ffee62b0000 - 0x00007ffee635e000 	C:\Windows\System32\ADVAPI32.dll
0x00007ffee6360000 - 0x00007ffee63fc000 	C:\Windows\System32\sechost.dll
0x00007ffee6100000 - 0x00007ffee6225000 	C:\Windows\System32\RPCRT4.dll
0x00007ffee6bf0000 - 0x00007ffee6bf8000 	C:\Windows\System32\PSAPI.DLL
0x00007ffed56a0000 - 0x00007ffed56c7000 	C:\Windows\SYSTEM32\WINMM.dll
0x00007ffed4ab0000 - 0x00007ffed4ab9000 	C:\Windows\SYSTEM32\WSOCK32.dll
0x00007ffed3940000 - 0x00007ffed394a000 	C:\Windows\SYSTEM32\VERSION.dll
0x00007ffee6520000 - 0x00007ffee658b000 	C:\Windows\System32\WS2_32.dll
0x00007ffee23e0000 - 0x00007ffee23f2000 	C:\Windows\SYSTEM32\kernel.appcore.dll
0x00007ffee01c0000 - 0x00007ffee01d1000 	C:\Program Files\Android\Android Studio\jre\bin\verify.dll
0x00007ffed7c70000 - 0x00007ffed7e54000 	C:\Windows\SYSTEM32\DBGHELP.DLL
0x00007ffed7c30000 - 0x00007ffed7c65000 	C:\Windows\SYSTEM32\dbgcore.DLL
0x00007ffee46a0000 - 0x00007ffee4722000 	C:\Windows\System32\bcryptPrimitives.dll
0x00007ffedfff0000 - 0x00007ffee0019000 	C:\Program Files\Android\Android Studio\jre\bin\java.dll
0x00007ffee1db0000 - 0x00007ffee1dbb000 	C:\Program Files\Android\Android Studio\jre\bin\jimage.dll
0x00007ffee0060000 - 0x00007ffee0078000 	C:\Program Files\Android\Android Studio\jre\bin\zip.dll
0x00007ffee5970000 - 0x00007ffee60b4000 	C:\Windows\System32\SHELL32.dll
0x00007ffee25e0000 - 0x00007ffee2d72000 	C:\Windows\SYSTEM32\windows.storage.dll
0x00007ffee4f40000 - 0x00007ffee5295000 	C:\Windows\System32\combase.dll
0x00007ffee3e70000 - 0x00007ffee3ea0000 	C:\Windows\SYSTEM32\Wldp.dll
0x00007ffee5350000 - 0x00007ffee53fd000 	C:\Windows\System32\SHCORE.dll
0x00007ffee5800000 - 0x00007ffee5855000 	C:\Windows\System32\shlwapi.dll
0x00007ffee44a0000 - 0x00007ffee44bf000 	C:\Windows\SYSTEM32\profapi.dll
0x00007ffed92d0000 - 0x00007ffed92ea000 	C:\Program Files\Android\Android Studio\jre\bin\net.dll
0x00007ffeda590000 - 0x00007ffeda69c000 	C:\Windows\SYSTEM32\WINHTTP.dll
0x00007ffee3c50000 - 0x00007ffee3cba000 	C:\Windows\system32\mswsock.dll
0x00007ffed92b0000 - 0x00007ffed92c4000 	C:\Program Files\Android\Android Studio\jre\bin\nio.dll
0x00007ffecf4e0000 - 0x00007ffecf507000 	C:\Users\user\.gradle\native\e1d6ef7f7dcc3fd88c89a11ec53ec762bb8ba0a96d01ffa2cd45eb1d1d8dd5c5\windows-amd64\native-platform.dll
0x00007ffeba250000 - 0x00007ffeba394000 	C:\Users\user\.gradle\native\5664cfc778a61ccfe75a443a1ab52a65af34e5dc3c78e0209fed803814484fcb\windows-amd64\native-platform-file-events.dll
0x00007ffee1d90000 - 0x00007ffee1d9a000 	C:\Program Files\Android\Android Studio\jre\bin\management.dll
0x00007ffee1d50000 - 0x00007ffee1d5d000 	C:\Program Files\Android\Android Studio\jre\bin\management_ext.dll
0x00007ffee41b0000 - 0x00007ffee41c8000 	C:\Windows\SYSTEM32\CRYPTSP.dll
0x00007ffee3590000 - 0x00007ffee35c4000 	C:\Windows\system32\rsaenh.dll
0x00007ffee4670000 - 0x00007ffee4697000 	C:\Windows\System32\bcrypt.dll
0x00007ffee4460000 - 0x00007ffee448e000 	C:\Windows\SYSTEM32\USERENV.dll
0x00007ffee3de0000 - 0x00007ffee3dec000 	C:\Windows\SYSTEM32\CRYPTBASE.dll
0x00007ffee3960000 - 0x00007ffee399b000 	C:\Windows\SYSTEM32\IPHLPAPI.DLL
0x00007ffee6be0000 - 0x00007ffee6be8000 	C:\Windows\System32\NSI.dll
0x00007ffedbc70000 - 0x00007ffedbc87000 	C:\Windows\SYSTEM32\dhcpcsvc6.DLL
0x00007ffedbc10000 - 0x00007ffedbc2d000 	C:\Windows\SYSTEM32\dhcpcsvc.DLL
0x00007ffee39a0000 - 0x00007ffee3a6a000 	C:\Windows\SYSTEM32\DNSAPI.dll
0x00007ffed9170000 - 0x00007ffed9197000 	C:\Program Files\Android\Android Studio\jre\bin\sunec.dll

dbghelp: loaded successfully - version: 4.0.5 - missing functions: none
symbol engine: initialized successfully - sym options: 0x614 - pdb path: .;C:\Program Files\Android\Android Studio\jre\bin;C:\Windows\SYSTEM32;C:\Windows\WinSxS\amd64_microsoft.windows.common-controls_6595b64144ccf1df_6.0.19041.1110_none_60b5254171f9507e;C:\Program Files\Android\Android Studio\jre\bin\server;C:\Users\user\.gradle\native\e1d6ef7f7dcc3fd88c89a11ec53ec762bb8ba0a96d01ffa2cd45eb1d1d8dd5c5\windows-amd64;C:\Users\user\.gradle\native\5664cfc778a61ccfe75a443a1ab52a65af34e5dc3c78e0209fed803814484fcb\windows-amd64

VM Arguments:
jvm_args: --add-opens=java.base/java.util=ALL-UNNAMED --add-opens=java.base/java.lang=ALL-UNNAMED --add-opens=java.base/java.lang.invoke=ALL-UNNAMED --add-opens=java.base/java.util=ALL-UNNAMED --add-opens=java.prefs/java.util.prefs=ALL-UNNAMED --add-opens=java.prefs/java.util.prefs=ALL-UNNAMED --add-opens=java.base/java.nio.charset=ALL-UNNAMED --add-opens=java.base/java.net=ALL-UNNAMED --add-opens=java.base/java.util.concurrent.atomic=ALL-UNNAMED -Xmx2048m -Dfile.encoding=UTF-8 -Duser.country=US -Duser.language=en -Duser.variant 
java_command: org.gradle.launcher.daemon.bootstrap.GradleDaemon 7.3.3
java_class_path (initial): C:\Users\user\.gradle\wrapper\dists\gradle-7.3.3-bin\6a41zxkdtcxs8rphpq6y0069z\gradle-7.3.3\lib\gradle-launcher-7.3.3.jar
Launcher Type: SUN_STANDARD

[Global flags]
     intx CICompilerCount                          = 3                                         {product} {ergonomic}
     uint ConcGCThreads                            = 1                                         {product} {ergonomic}
     uint G1ConcRefinementThreads                  = 4                                         {product} {ergonomic}
   size_t G1HeapRegionSize                         = 1048576                                   {product} {ergonomic}
    uintx GCDrainStackTargetSize                   = 64                                        {product} {ergonomic}
   size_t InitialHeapSize                          = 67108864                                  {product} {ergonomic}
   size_t MarkStackSize                            = 4194304                                   {product} {ergonomic}
   size_t MaxHeapSize                              = 2147483648                                {product} {command line}
   size_t MaxNewSize                               = 1287651328                                {product} {ergonomic}
   size_t MinHeapDeltaBytes                        = 1048576                                   {product} {ergonomic}
    uintx NonNMethodCodeHeapSize                   = 5830732                                {pd product} {ergonomic}
    uintx NonProfiledCodeHeapSize                  = 122913754                              {pd product} {ergonomic}
    uintx ProfiledCodeHeapSize                     = 122913754                              {pd product} {ergonomic}
    uintx ReservedCodeCacheSize                    = 251658240                              {pd product} {ergonomic}
     bool SegmentedCodeCache                       = true                                      {product} {ergonomic}
     bool UseCompressedClassPointers               = true                                 {lp64_product} {ergonomic}
     bool UseCompressedOops                        = true                                 {lp64_product} {ergonomic}
     bool UseG1GC                                  = true                                      {product} {ergonomic}
     bool UseLargePagesIndividualAllocation        = false                                  {pd product} {ergonomic}

Logging:
Log output configuration:
 #0: stdout all=warning uptime,level,tags
 #1: stderr all=off uptime,level,tags

Environment Variables:
JAVA_HOME=C:\Program Files\Java\jdk-11.0.2
PATH=C:\Program Files\apache-maven-3.8.5\bin,C:\Gradle\gradle-7.4.2\bin;C:\Program Files\Java\jdk1.8.0_291\bin;C:\Program Files\apache-maven-3.8.5\bin;C:\Users\user\AppData\Local\Programs\Python\Python310;C:\Windows\System32\more.com;F:\postgre\bin;C:\WINDOWS\System32\Wbem;C:\WINDOWS\system32;C:\WINDOWS;C:\WINDOWS\System32\WindowsPowerShell\v1.0\;C:\Program Files\Cloudflare\Cloudflare WARP\;F:\flutter_sdk\bin;C:\MinGW\bin;C:\Users\user\AppData\Local\Programs\Python\Python310\Scripts\;C:\Users\user\AppData\Local\Programs\Python\Python310\;C:\Program Files\apache-maven-3.8.5\bin;C:\Windows\System32\more.com;C:\WINDOWS\system32;C:\WINDOWS\System32\Wbem;C:\WINDOWS;C:\WINDOWS\System32\WindowsPowerShell\v1.0\;C:\Program Files\Java\jdk1.8.0_291\bin;;C:\Users\user\.web3j\web3j-cli-shadow-1.4.1\bin
USERNAME=user
OS=Windows_NT
PROCESSOR_IDENTIFIER=Intel64 Family 6 Model 42 Stepping 7, GenuineIntel



---------------  S Y S T E M  ---------------

OS: Windows 10 , 64 bit Build 19041 (10.0.19041.2364)
OS uptime: 0 days 2:26 hours
Hyper-V role detected

CPU:total 4 (initial active 4) (2 cores per cpu, 2 threads per core) family 6 model 42 stepping 7 microcode 0x2f, cmov, cx8, fxsr, mmx, sse, sse2, sse3, ssse3, sse4.1, sse4.2, popcnt, avx, aes, clmul, ht, tsc, tscinvbit

Memory: 4k page, system-wide physical 4011M (357M free)
TotalPageFile size 7531M (AvailPageFile size 31M)
current process WorkingSet (physical memory assigned to process): 179M, peak: 386M
current process commit charge ("private bytes"): 459M, peak: 492M

vm_info: OpenJDK 64-Bit Server VM (11.0.12+7-b1504.28-7817840) for windows-amd64 JRE (11.0.12+7-b1504.28-7817840), built on Oct 13 2021 22:12:33 by "builder" with MS VC++ 14.0 (VS2015)

END.
